[07-Dec-2023 13:05:01 UTC] PHP Fatal error:  Uncaught ArgumentCountError: get_headers() expects at least 1 argument, 0 given in C:\Users\merbo\Local Sites\nathalie-mota\app\public\wp-content\themes\Nathalie Mota\front-page.php:1
Stack trace:
#0 C:\Users\merbo\Local Sites\nathalie-mota\app\public\wp-content\themes\Nathalie Mota\front-page.php(1): get_headers()
#1 C:\Users\merbo\Local Sites\nathalie-mota\app\public\wp-includes\template-loader.php(106): include('C:\\Users\\merbo\\...')
#2 C:\Users\merbo\Local Sites\nathalie-mota\app\public\wp-blog-header.php(19): require_once('C:\\Users\\merbo\\...')
#3 C:\Users\merbo\Local Sites\nathalie-mota\app\public\index.php(17): require('C:\\Users\\merbo\\...')
#4 {main}
  thrown in C:\Users\merbo\Local Sites\nathalie-mota\app\public\wp-content\themes\Nathalie Mota\front-page.php on line 1
[07-Dec-2023 13:06:12 UTC] PHP Fatal error:  Uncaught ArgumentCountError: get_headers() expects at least 1 argument, 0 given in C:\Users\merbo\Local Sites\nathalie-mota\app\public\wp-content\themes\Nathalie Mota\front-page.php:1
Stack trace:
#0 C:\Users\merbo\Local Sites\nathalie-mota\app\public\wp-content\themes\Nathalie Mota\front-page.php(1): get_headers()
#1 C:\Users\merbo\Local Sites\nathalie-mota\app\public\wp-includes\template-loader.php(106): include('C:\\Users\\merbo\\...')
#2 C:\Users\merbo\Local Sites\nathalie-mota\app\public\wp-blog-header.php(19): require_once('C:\\Users\\merbo\\...')
#3 C:\Users\merbo\Local Sites\nathalie-mota\app\public\index.php(17): require('C:\\Users\\merbo\\...')
#4 {main}
  thrown in C:\Users\merbo\Local Sites\nathalie-mota\app\public\wp-content\themes\Nathalie Mota\front-page.php on line 1
[07-Dec-2023 13:06:46 UTC] PHP Fatal error:  Uncaught ArgumentCountError: get_headers() expects at least 1 argument, 0 given in C:\Users\merbo\Local Sites\nathalie-mota\app\public\wp-content\themes\Nathalie Mota\front-page.php:1
Stack trace:
#0 C:\Users\merbo\Local Sites\nathalie-mota\app\public\wp-content\themes\Nathalie Mota\front-page.php(1): get_headers()
#1 C:\Users\merbo\Local Sites\nathalie-mota\app\public\wp-includes\template-loader.php(106): include('C:\\Users\\merbo\\...')
#2 C:\Users\merbo\Local Sites\nathalie-mota\app\public\wp-blog-header.php(19): require_once('C:\\Users\\merbo\\...')
#3 C:\Users\merbo\Local Sites\nathalie-mota\app\public\index.php(17): require('C:\\Users\\merbo\\...')
#4 {main}
  thrown in C:\Users\merbo\Local Sites\nathalie-mota\app\public\wp-content\themes\Nathalie Mota\front-page.php on line 1
[07-Dec-2023 13:09:29 UTC] PHP Fatal error:  Uncaught ArgumentCountError: get_headers() expects at least 1 argument, 0 given in C:\Users\merbo\Local Sites\nathalie-mota\app\public\wp-content\themes\Nathalie Mota\front-page.php:1
Stack trace:
#0 C:\Users\merbo\Local Sites\nathalie-mota\app\public\wp-content\themes\Nathalie Mota\front-page.php(1): get_headers()
#1 C:\Users\merbo\Local Sites\nathalie-mota\app\public\wp-includes\template-loader.php(106): include('C:\\Users\\merbo\\...')
#2 C:\Users\merbo\Local Sites\nathalie-mota\app\public\wp-blog-header.php(19): require_once('C:\\Users\\merbo\\...')
#3 C:\Users\merbo\Local Sites\nathalie-mota\app\public\index.php(17): require('C:\\Users\\merbo\\...')
#4 {main}
  thrown in C:\Users\merbo\Local Sites\nathalie-mota\app\public\wp-content\themes\Nathalie Mota\front-page.php on line 1
[07-Dec-2023 13:09:31 UTC] PHP Fatal error:  Uncaught ArgumentCountError: get_headers() expects at least 1 argument, 0 given in C:\Users\merbo\Local Sites\nathalie-mota\app\public\wp-content\themes\Nathalie Mota\front-page.php:1
Stack trace:
#0 C:\Users\merbo\Local Sites\nathalie-mota\app\public\wp-content\themes\Nathalie Mota\front-page.php(1): get_headers()
#1 C:\Users\merbo\Local Sites\nathalie-mota\app\public\wp-includes\template-loader.php(106): include('C:\\Users\\merbo\\...')
#2 C:\Users\merbo\Local Sites\nathalie-mota\app\public\wp-blog-header.php(19): require_once('C:\\Users\\merbo\\...')
#3 C:\Users\merbo\Local Sites\nathalie-mota\app\public\index.php(17): require('C:\\Users\\merbo\\...')
#4 {main}
  thrown in C:\Users\merbo\Local Sites\nathalie-mota\app\public\wp-content\themes\Nathalie Mota\front-page.php on line 1
[07-Dec-2023 13:11:59 UTC] PHP Fatal error:  Uncaught ArgumentCountError: get_headers() expects at least 1 argument, 0 given in C:\Users\merbo\Local Sites\nathalie-mota\app\public\wp-content\themes\Nathalie Mota\front-page.php:1
Stack trace:
#0 C:\Users\merbo\Local Sites\nathalie-mota\app\public\wp-content\themes\Nathalie Mota\front-page.php(1): get_headers()
#1 C:\Users\merbo\Local Sites\nathalie-mota\app\public\wp-includes\template-loader.php(106): include('C:\\Users\\merbo\\...')
#2 C:\Users\merbo\Local Sites\nathalie-mota\app\public\wp-blog-header.php(19): require_once('C:\\Users\\merbo\\...')
#3 C:\Users\merbo\Local Sites\nathalie-mota\app\public\index.php(17): require('C:\\Users\\merbo\\...')
#4 {main}
  thrown in C:\Users\merbo\Local Sites\nathalie-mota\app\public\wp-content\themes\Nathalie Mota\front-page.php on line 1
[07-Dec-2023 13:12:02 UTC] PHP Fatal error:  Uncaught ArgumentCountError: get_headers() expects at least 1 argument, 0 given in C:\Users\merbo\Local Sites\nathalie-mota\app\public\wp-content\themes\Nathalie Mota\front-page.php:1
Stack trace:
#0 C:\Users\merbo\Local Sites\nathalie-mota\app\public\wp-content\themes\Nathalie Mota\front-page.php(1): get_headers()
#1 C:\Users\merbo\Local Sites\nathalie-mota\app\public\wp-includes\template-loader.php(106): include('C:\\Users\\merbo\\...')
#2 C:\Users\merbo\Local Sites\nathalie-mota\app\public\wp-blog-header.php(19): require_once('C:\\Users\\merbo\\...')
#3 C:\Users\merbo\Local Sites\nathalie-mota\app\public\index.php(17): require('C:\\Users\\merbo\\...')
#4 {main}
  thrown in C:\Users\merbo\Local Sites\nathalie-mota\app\public\wp-content\themes\Nathalie Mota\front-page.php on line 1
[07-Dec-2023 14:02:06 UTC] PHP Fatal error:  Uncaught TypeError: call_user_func(): Argument #1 ($callback) must be a valid callback, function "nathaliemota_settings_field_introduction_output" not found or invalid function name in C:\Users\merbo\Local Sites\nathalie-mota\app\public\wp-admin\includes\template.php:1836
Stack trace:
#0 C:\Users\merbo\Local Sites\nathalie-mota\app\public\wp-admin\includes\template.php(1790): do_settings_fields('nathaliemota_se...', 'nathaliemota_se...')
#1 C:\Users\merbo\Local Sites\nathalie-mota\app\public\wp-content\themes\Nathalie Mota\functions.php(12): do_settings_sections('nathaliemota_se...')
#2 C:\Users\merbo\Local Sites\nathalie-mota\app\public\wp-includes\class-wp-hook.php(324): nathaliemota_theme_settings('')
#3 C:\Users\merbo\Local Sites\nathalie-mota\app\public\wp-includes\class-wp-hook.php(348): WP_Hook->apply_filters('', Array)
#4 C:\Users\merbo\Local Sites\nathalie-mota\app\public\wp-includes\plugin.php(517): WP_Hook->do_action(Array)
#5 C:\Users\merbo\Local Sites\nathalie-mota\app\public\wp-admin\admin.php(259): do_action('toplevel_page_n...')
#6 {main}
  thrown in C:\Users\merbo\Local Sites\nathalie-mota\app\public\wp-admin\includes\template.php on line 1836
[07-Dec-2023 14:04:22 UTC] PHP Fatal error:  Uncaught TypeError: call_user_func(): Argument #1 ($callback) must be a valid callback, function "nathaliemota_settings_field_introduction_output" not found or invalid function name in C:\Users\merbo\Local Sites\nathalie-mota\app\public\wp-admin\includes\template.php:1836
Stack trace:
#0 C:\Users\merbo\Local Sites\nathalie-mota\app\public\wp-admin\includes\template.php(1790): do_settings_fields('nathaliemota_se...', 'nathaliemota_se...')
#1 C:\Users\merbo\Local Sites\nathalie-mota\app\public\wp-content\themes\Nathalie Mota\functions.php(21): do_settings_sections('nathaliemota_se...')
#2 C:\Users\merbo\Local Sites\nathalie-mota\app\public\wp-includes\class-wp-hook.php(324): nathaliemota_theme_settings('')
#3 C:\Users\merbo\Local Sites\nathalie-mota\app\public\wp-includes\class-wp-hook.php(348): WP_Hook->apply_filters('', Array)
#4 C:\Users\merbo\Local Sites\nathalie-mota\app\public\wp-includes\plugin.php(517): WP_Hook->do_action(Array)
#5 C:\Users\merbo\Local Sites\nathalie-mota\app\public\wp-admin\admin.php(259): do_action('toplevel_page_n...')
#6 {main}
  thrown in C:\Users\merbo\Local Sites\nathalie-mota\app\public\wp-admin\includes\template.php on line 1836
[07-Dec-2023 14:04:30 UTC] PHP Fatal error:  Uncaught TypeError: call_user_func(): Argument #1 ($callback) must be a valid callback, function "nathaliemota_settings_field_introduction_output" not found or invalid function name in C:\Users\merbo\Local Sites\nathalie-mota\app\public\wp-admin\includes\template.php:1836
Stack trace:
#0 C:\Users\merbo\Local Sites\nathalie-mota\app\public\wp-admin\includes\template.php(1790): do_settings_fields('nathaliemota_se...', 'nathaliemota_se...')
#1 C:\Users\merbo\Local Sites\nathalie-mota\app\public\wp-content\themes\Nathalie Mota\functions.php(21): do_settings_sections('nathaliemota_se...')
#2 C:\Users\merbo\Local Sites\nathalie-mota\app\public\wp-includes\class-wp-hook.php(324): nathaliemota_theme_settings('')
#3 C:\Users\merbo\Local Sites\nathalie-mota\app\public\wp-includes\class-wp-hook.php(348): WP_Hook->apply_filters('', Array)
#4 C:\Users\merbo\Local Sites\nathalie-mota\app\public\wp-includes\plugin.php(517): WP_Hook->do_action(Array)
#5 C:\Users\merbo\Local Sites\nathalie-mota\app\public\wp-admin\admin.php(259): do_action('toplevel_page_n...')
#6 {main}
  thrown in C:\Users\merbo\Local Sites\nathalie-mota\app\public\wp-admin\includes\template.php on line 1836
[07-Dec-2023 14:12:29 UTC] PHP Fatal error:  Uncaught TypeError: call_user_func(): Argument #1 ($callback) must be a valid callback, function "nathaliemota_settings_field_introduction_output" not found or invalid function name in C:\Users\merbo\Local Sites\nathalie-mota\app\public\wp-admin\includes\template.php:1836
Stack trace:
#0 C:\Users\merbo\Local Sites\nathalie-mota\app\public\wp-admin\includes\template.php(1790): do_settings_fields('nathaliemota_se...', 'nathaliemota_se...')
#1 C:\Users\merbo\Local Sites\nathalie-mota\app\public\wp-content\themes\Nathalie Mota\functions.php(12): do_settings_sections('nathaliemota_se...')
#2 C:\Users\merbo\Local Sites\nathalie-mota\app\public\wp-includes\class-wp-hook.php(324): nathaliemota_theme_settings('')
#3 C:\Users\merbo\Local Sites\nathalie-mota\app\public\wp-includes\class-wp-hook.php(348): WP_Hook->apply_filters('', Array)
#4 C:\Users\merbo\Local Sites\nathalie-mota\app\public\wp-includes\plugin.php(517): WP_Hook->do_action(Array)
#5 C:\Users\merbo\Local Sites\nathalie-mota\app\public\wp-admin\admin.php(259): do_action('toplevel_page_n...')
#6 {main}
  thrown in C:\Users\merbo\Local Sites\nathalie-mota\app\public\wp-admin\includes\template.php on line 1836
[07-Dec-2023 14:12:31 UTC] PHP Fatal error:  Uncaught TypeError: call_user_func(): Argument #1 ($callback) must be a valid callback, function "nathaliemota_settings_field_introduction_output" not found or invalid function name in C:\Users\merbo\Local Sites\nathalie-mota\app\public\wp-admin\includes\template.php:1836
Stack trace:
#0 C:\Users\merbo\Local Sites\nathalie-mota\app\public\wp-admin\includes\template.php(1790): do_settings_fields('nathaliemota_se...', 'nathaliemota_se...')
#1 C:\Users\merbo\Local Sites\nathalie-mota\app\public\wp-content\themes\Nathalie Mota\functions.php(12): do_settings_sections('nathaliemota_se...')
#2 C:\Users\merbo\Local Sites\nathalie-mota\app\public\wp-includes\class-wp-hook.php(324): nathaliemota_theme_settings('')
#3 C:\Users\merbo\Local Sites\nathalie-mota\app\public\wp-includes\class-wp-hook.php(348): WP_Hook->apply_filters('', Array)
#4 C:\Users\merbo\Local Sites\nathalie-mota\app\public\wp-includes\plugin.php(517): WP_Hook->do_action(Array)
#5 C:\Users\merbo\Local Sites\nathalie-mota\app\public\wp-admin\admin.php(259): do_action('toplevel_page_n...')
#6 {main}
  thrown in C:\Users\merbo\Local Sites\nathalie-mota\app\public\wp-admin\includes\template.php on line 1836
[07-Dec-2023 14:34:33 UTC] PHP Fatal error:  Uncaught TypeError: call_user_func_array(): Argument #1 ($callback) must be a valid callback, function "creer_type_contenu_photos" not found or invalid function name in C:\Users\merbo\Local Sites\nathalie-mota\app\public\wp-includes\class-wp-hook.php:324
Stack trace:
#0 C:\Users\merbo\Local Sites\nathalie-mota\app\public\wp-includes\class-wp-hook.php(348): WP_Hook->apply_filters(NULL, Array)
#1 C:\Users\merbo\Local Sites\nathalie-mota\app\public\wp-includes\plugin.php(517): WP_Hook->do_action(Array)
#2 C:\Users\merbo\Local Sites\nathalie-mota\app\public\wp-settings.php(643): do_action('init')
#3 C:\Users\merbo\Local Sites\nathalie-mota\app\public\wp-config.php(103): require_once('C:\\Users\\merbo\\...')
#4 C:\Users\merbo\Local Sites\nathalie-mota\app\public\wp-load.php(50): require_once('C:\\Users\\merbo\\...')
#5 C:\Users\merbo\Local Sites\nathalie-mota\app\public\wp-admin\admin-ajax.php(22): require_once('C:\\Users\\merbo\\...')
#6 {main}
  thrown in C:\Users\merbo\Local Sites\nathalie-mota\app\public\wp-includes\class-wp-hook.php on line 324
[07-Dec-2023 14:34:34 UTC] PHP Fatal error:  Uncaught TypeError: call_user_func_array(): Argument #1 ($callback) must be a valid callback, function "creer_type_contenu_photos" not found or invalid function name in C:\Users\merbo\Local Sites\nathalie-mota\app\public\wp-includes\class-wp-hook.php:324
Stack trace:
#0 C:\Users\merbo\Local Sites\nathalie-mota\app\public\wp-includes\class-wp-hook.php(348): WP_Hook->apply_filters(NULL, Array)
#1 C:\Users\merbo\Local Sites\nathalie-mota\app\public\wp-includes\plugin.php(517): WP_Hook->do_action(Array)
#2 C:\Users\merbo\Local Sites\nathalie-mota\app\public\wp-settings.php(643): do_action('init')
#3 C:\Users\merbo\Local Sites\nathalie-mota\app\public\wp-config.php(103): require_once('C:\\Users\\merbo\\...')
#4 C:\Users\merbo\Local Sites\nathalie-mota\app\public\wp-load.php(50): require_once('C:\\Users\\merbo\\...')
#5 C:\Users\merbo\Local Sites\nathalie-mota\app\public\wp-admin\admin.php(34): require_once('C:\\Users\\merbo\\...')
#6 C:\Users\merbo\Local Sites\nathalie-mota\app\public\wp-admin\edit.php(10): require_once('C:\\Users\\merbo\\...')
#7 {main}
  thrown in C:\Users\merbo\Local Sites\nathalie-mota\app\public\wp-includes\class-wp-hook.php on line 324
[07-Dec-2023 14:34:34 UTC] PHP Fatal error:  Uncaught TypeError: call_user_func_array(): Argument #1 ($callback) must be a valid callback, function "creer_type_contenu_photos" not found or invalid function name in C:\Users\merbo\Local Sites\nathalie-mota\app\public\wp-includes\class-wp-hook.php:324
Stack trace:
#0 C:\Users\merbo\Local Sites\nathalie-mota\app\public\wp-includes\class-wp-hook.php(348): WP_Hook->apply_filters(NULL, Array)
#1 C:\Users\merbo\Local Sites\nathalie-mota\app\public\wp-includes\plugin.php(517): WP_Hook->do_action(Array)
#2 C:\Users\merbo\Local Sites\nathalie-mota\app\public\wp-settings.php(643): do_action('init')
#3 C:\Users\merbo\Local Sites\nathalie-mota\app\public\wp-config.php(103): require_once('C:\\Users\\merbo\\...')
#4 C:\Users\merbo\Local Sites\nathalie-mota\app\public\wp-load.php(50): require_once('C:\\Users\\merbo\\...')
#5 C:\Users\merbo\Local Sites\nathalie-mota\app\public\wp-blog-header.php(13): require_once('C:\\Users\\merbo\\...')
#6 C:\Users\merbo\Local Sites\nathalie-mota\app\public\index.php(17): require('C:\\Users\\merbo\\...')
#7 {main}
  thrown in C:\Users\merbo\Local Sites\nathalie-mota\app\public\wp-includes\class-wp-hook.php on line 324
[07-Dec-2023 14:35:32 UTC] PHP Fatal error:  Uncaught TypeError: call_user_func_array(): Argument #1 ($callback) must be a valid callback, function "nathaliemota_theme_settings" not found or invalid function name in C:\Users\merbo\Local Sites\nathalie-mota\app\public\wp-includes\class-wp-hook.php:324
Stack trace:
#0 C:\Users\merbo\Local Sites\nathalie-mota\app\public\wp-includes\class-wp-hook.php(348): WP_Hook->apply_filters('', Array)
#1 C:\Users\merbo\Local Sites\nathalie-mota\app\public\wp-includes\plugin.php(517): WP_Hook->do_action(Array)
#2 C:\Users\merbo\Local Sites\nathalie-mota\app\public\wp-admin\admin.php(259): do_action('toplevel_page_n...')
#3 {main}
  thrown in C:\Users\merbo\Local Sites\nathalie-mota\app\public\wp-includes\class-wp-hook.php on line 324
[11-Dec-2023 10:16:16 UTC] PHP Warning:  Attempt to read property "title" on null in C:\Users\merbo\Local Sites\nathalie-mota\app\public\wp-includes\class-wp-customize-widgets.php on line 905
[11-Dec-2023 15:11:25 UTC] PHP Warning:  Attempt to read property "title" on null in C:\Users\merbo\Local Sites\nathalie-mota\app\public\wp-includes\class-wp-customize-widgets.php on line 905
[11-Dec-2023 16:08:45 UTC] PHP Warning:  Attempt to read property "title" on null in C:\Users\merbo\Local Sites\nathalie-mota\app\public\wp-includes\class-wp-customize-widgets.php on line 905
